app/build/intermediates/manifest_merge_blame_file/release/processReleaseMainManifest/manifest-merger-blame-release-report.txt
1<?xml version="1.0" encoding="utf-8"?>
2<manifest xmlns:android="http://schemas.android.com/apk/res/android"
3    package="com.example.audiobookplayer"
4    android:versionCode="1"
5    android:versionName="1.0" >
6
7    <uses-sdk
8        android:minSdkVersion="21"
9        android:targetSdkVersion="33" />
10
11    <uses-permission android:name="android.permission.READ_EXTERNAL_STORAGE" />
11-->src/main/AndroidManifest.xml:3:5-80
11-->src/main/AndroidManifest.xml:3:22-77
12    <uses-permission android:name="android.permission.FOREGROUND_SERVICE" />
12-->src/main/AndroidManifest.xml:4:5-77
12-->src/main/AndroidManifest.xml:4:22-74
13    <uses-permission android:name="android.permission.WAKE_LOCK" />
13-->src/main/AndroidManifest.xml:5:5-68
13-->src/main/AndroidManifest.xml:5:22-65
14
15    <!-- Although the *SdkVersion is captured in gradle build files, this is required for non gradle builds -->
16    <!-- <uses-sdk android:minSdkVersion="14" /> -->
17    <uses-permission android:name="android.permission.ACCESS_NETWORK_STATE" />
17-->[com.google.firebase:firebase-firestore:24.6.0] AndroidManifest.xml:12:5-79
17-->[com.google.firebase:firebase-firestore:24.6.0] AndroidManifest.xml:12:22-76
18    <uses-permission android:name="android.permission.INTERNET" />
18-->[com.google.firebase:firebase-firestore:24.6.0] AndroidManifest.xml:13:5-67
18-->[com.google.firebase:firebase-firestore:24.6.0] AndroidManifest.xml:13:22-64
19    <uses-permission android:name="android.permission.POST_NOTIFICATIONS" /> <!-- Required by older versions of Google Play services to create IID tokens -->
19-->[com.google.firebase:firebase-messaging:23.1.2] AndroidManifest.xml:25:5-77
19-->[com.google.firebase:firebase-messaging:23.1.2] AndroidManifest.xml:25:22-74
20    <uses-permission android:name="com.google.android.c2dm.permission.RECEIVE" />
20-->[com.google.firebase:firebase-messaging:23.1.2] AndroidManifest.xml:28:5-82
20-->[com.google.firebase:firebase-messaging:23.1.2] AndroidManifest.xml:28:22-79
21
22    <permission
22-->[androidx.core:core:1.9.0] AndroidManifest.xml:22:5-24:47
23        android:name="com.example.audiobookplayer.DYNAMIC_RECEIVER_NOT_EXPORTED_PERMISSION"
23-->[androidx.core:core:1.9.0] AndroidManifest.xml:23:9-81
24        android:protectionLevel="signature" />
24-->[androidx.core:core:1.9.0] AndroidManifest.xml:24:9-44
25
26    <uses-permission android:name="com.example.audiobookplayer.DYNAMIC_RECEIVER_NOT_EXPORTED_PERMISSION" />
26-->[androidx.core:core:1.9.0] AndroidManifest.xml:26:5-97
26-->[androidx.core:core:1.9.0] AndroidManifest.xml:26:22-94
27    <uses-permission android:name="com.android.vending.BILLING" />
27-->[com.android.billingclient:billing:5.0.0] AndroidManifest.xml:10:5-67
27-->[com.android.billingclient:billing:5.0.0] AndroidManifest.xml:10:22-64
28
29    <application
29-->src/main/AndroidManifest.xml:7:5-48:19
30        android:allowBackup="true"
30-->src/main/AndroidManifest.xml:8:9-35
31        android:appComponentFactory="androidx.core.app.CoreComponentFactory"
31-->[androidx.core:core:1.9.0] AndroidManifest.xml:28:18-86
32        android:extractNativeLibs="true"
33        android:icon="@mipmap/ic_launcher"
33-->src/main/AndroidManifest.xml:10:9-43
34        android:label="@string/app_name"
34-->src/main/AndroidManifest.xml:11:9-41
35        android:roundIcon="@mipmap/ic_launcher_round"
35-->src/main/AndroidManifest.xml:12:9-54
36        android:supportsRtl="true"
36-->src/main/AndroidManifest.xml:13:9-35
37        android:theme="@style/Theme.AudiobookPlayer"
37-->src/main/AndroidManifest.xml:14:9-53
38        android:usesCleartextTraffic="true" >
38-->src/main/AndroidManifest.xml:9:9-44
39
40        <!-- Main activity -->
41        <activity
41-->src/main/AndroidManifest.xml:17:9-25:20
42            android:name="com.example.audiobookplayer.MainActivity"
42-->src/main/AndroidManifest.xml:17:19-47
43            android:configChanges="orientation|screenSize|keyboardHidden"
43-->src/main/AndroidManifest.xml:19:13-74
44            android:exported="true"
44-->src/main/AndroidManifest.xml:18:13-36
45            android:launchMode="singleTask" >
45-->src/main/AndroidManifest.xml:20:13-44
46            <intent-filter>
46-->src/main/AndroidManifest.xml:21:13-24:29
47                <action android:name="android.intent.action.MAIN" />
47-->src/main/AndroidManifest.xml:22:17-69
47-->src/main/AndroidManifest.xml:22:25-66
48
49                <category android:name="android.intent.category.LAUNCHER" />
49-->src/main/AndroidManifest.xml:23:17-77
49-->src/main/AndroidManifest.xml:23:27-74
50            </intent-filter>
51        </activity>
52
53        <!-- Firebase Messaging Service -->
54
55
56        <!-- Firebase service -->
57        <service
57-->src/main/AndroidManifest.xml:30:9-92
58            android:name="com.google.firebase.components.ComponentDiscoveryService"
58-->src/main/AndroidManifest.xml:30:18-89
59            android:directBootAware="true"
59-->[com.google.firebase:firebase-common:20.3.2] AndroidManifest.xml:34:13-43
60            android:exported="false" >
60-->[com.google.firebase:firebase-firestore-ktx:24.6.0] AndroidManifest.xml:13:13-37
61            <meta-data
61-->[com.google.firebase:firebase-firestore-ktx:24.6.0] AndroidManifest.xml:14:13-16:85
62                android:name="com.google.firebase.components:com.google.firebase.firestore.ktx.FirebaseFirestoreKtxRegistrar"
62-->[com.google.firebase:firebase-firestore-ktx:24.6.0] AndroidManifest.xml:15:17-126
63                android:value="com.google.firebase.components.ComponentRegistrar" />
63-->[com.google.firebase:firebase-firestore-ktx:24.6.0] AndroidManifest.xml:16:17-82
64            <meta-data
64-->[com.google.firebase:firebase-messaging-ktx:23.1.2] AndroidManifest.xml:28:13-30:85
65                android:name="com.google.firebase.components:com.google.firebase.messaging.ktx.FirebaseMessagingKtxRegistrar"
65-->[com.google.firebase:firebase-messaging-ktx:23.1.2] AndroidManifest.xml:29:17-126
66                android:value="com.google.firebase.components.ComponentRegistrar" />
66-->[com.google.firebase:firebase-messaging-ktx:23.1.2] AndroidManifest.xml:30:17-82
67            <meta-data
67-->[com.google.firebase:firebase-auth-ktx:22.0.0] AndroidManifest.xml:11:13-13:85
68                android:name="com.google.firebase.components:com.google.firebase.auth.ktx.FirebaseAuthKtxRegistrar"
68-->[com.google.firebase:firebase-auth-ktx:22.0.0] AndroidManifest.xml:12:17-116
69                android:value="com.google.firebase.components.ComponentRegistrar" />
69-->[com.google.firebase:firebase-auth-ktx:22.0.0] AndroidManifest.xml:13:17-82
70            <meta-data
70-->[com.google.firebase:firebase-common-ktx:20.3.2] AndroidManifest.xml:14:13-16:85
71                android:name="com.google.firebase.components:com.google.firebase.ktx.FirebaseCommonKtxRegistrar"
71-->[com.google.firebase:firebase-common-ktx:20.3.2] AndroidManifest.xml:15:17-113
72                android:value="com.google.firebase.components.ComponentRegistrar" />
72-->[com.google.firebase:firebase-common-ktx:20.3.2] AndroidManifest.xml:16:17-82
73            <meta-data
73-->[com.google.firebase:firebase-firestore:24.6.0] AndroidManifest.xml:19:13-21:85
74                android:name="com.google.firebase.components:com.google.firebase.firestore.FirestoreRegistrar"
74-->[com.google.firebase:firebase-firestore:24.6.0] AndroidManifest.xml:20:17-111
75                android:value="com.google.firebase.components.ComponentRegistrar" />
75-->[com.google.firebase:firebase-firestore:24.6.0] AndroidManifest.xml:21:17-82
76            <meta-data
76-->[com.google.firebase:firebase-auth:22.0.0] AndroidManifest.xml:69:13-71:85
77                android:name="com.google.firebase.components:com.google.firebase.auth.FirebaseAuthRegistrar"
77-->[com.google.firebase:firebase-auth:22.0.0] AndroidManifest.xml:70:17-109
78                android:value="com.google.firebase.components.ComponentRegistrar" />
78-->[com.google.firebase:firebase-auth:22.0.0] AndroidManifest.xml:71:17-82
79            <meta-data
79-->[com.google.firebase:firebase-messaging:23.1.2] AndroidManifest.xml:55:13-57:85
80                android:name="com.google.firebase.components:com.google.firebase.messaging.FirebaseMessagingRegistrar"
80-->[com.google.firebase:firebase-messaging:23.1.2] AndroidManifest.xml:56:17-119
81                android:value="com.google.firebase.components.ComponentRegistrar" />
81-->[com.google.firebase:firebase-messaging:23.1.2] AndroidManifest.xml:57:17-82
82            <meta-data
82-->[com.google.firebase:firebase-datatransport:18.1.7] AndroidManifest.xml:27:13-29:85
83                android:name="com.google.firebase.components:com.google.firebase.datatransport.TransportRegistrar"
83-->[com.google.firebase:firebase-datatransport:18.1.7] AndroidManifest.xml:28:17-115
84                android:value="com.google.firebase.components.ComponentRegistrar" />
84-->[com.google.firebase:firebase-datatransport:18.1.7] AndroidManifest.xml:29:17-82
85            <meta-data
85-->[com.google.firebase:firebase-installations:17.1.3] AndroidManifest.xml:17:13-19:85
86                android:name="com.google.firebase.components:com.google.firebase.installations.FirebaseInstallationsRegistrar"
86-->[com.google.firebase:firebase-installations:17.1.3] AndroidManifest.xml:18:17-127
87                android:value="com.google.firebase.components.ComponentRegistrar" />
87-->[com.google.firebase:firebase-installations:17.1.3] AndroidManifest.xml:19:17-82
88        </service>
89
90        <!-- Media playback service -->
91        <service
91-->src/main/AndroidManifest.xml:33:9-36:40
92            android:name="com.example.audiobookplayer.AudioPlaybackService"
92-->src/main/AndroidManifest.xml:34:13-49
93            android:exported="false"
93-->src/main/AndroidManifest.xml:36:13-37
94            android:foregroundServiceType="mediaPlayback" />
94-->src/main/AndroidManifest.xml:35:13-58
95
96        <!-- File provider for cover art -->
97        <provider
98            android:name="androidx.core.content.FileProvider"
98-->src/main/AndroidManifest.xml:40:13-62
99            android:authorities="com.example.audiobookplayer.fileprovider"
99-->src/main/AndroidManifest.xml:41:13-64
100            android:exported="false"
100-->src/main/AndroidManifest.xml:42:13-37
101            android:grantUriPermissions="true" >
101-->src/main/AndroidManifest.xml:43:13-47
102            <meta-data
102-->src/main/AndroidManifest.xml:44:13-46:54
103                android:name="android.support.FILE_PROVIDER_PATHS"
103-->src/main/AndroidManifest.xml:45:17-67
104                android:resource="@xml/file_paths" />
104-->src/main/AndroidManifest.xml:46:17-51
105        </provider>
106
107        <activity
107-->[com.google.firebase:firebase-auth:22.0.0] AndroidManifest.xml:29:9-46:20
108            android:name="com.google.firebase.auth.internal.GenericIdpActivity"
108-->[com.google.firebase:firebase-auth:22.0.0] AndroidManifest.xml:30:13-80
109            android:excludeFromRecents="true"
109-->[com.google.firebase:firebase-auth:22.0.0] AndroidManifest.xml:31:13-46
110            android:exported="true"
110-->[com.google.firebase:firebase-auth:22.0.0] AndroidManifest.xml:32:13-36
111            android:launchMode="singleTask"
111-->[com.google.firebase:firebase-auth:22.0.0] AndroidManifest.xml:33:13-44
112            android:theme="@android:style/Theme.Translucent.NoTitleBar" >
112-->[com.google.firebase:firebase-auth:22.0.0] AndroidManifest.xml:34:13-72
113            <intent-filter>
113-->[com.google.firebase:firebase-auth:22.0.0] AndroidManifest.xml:35:13-45:29
114                <action android:name="android.intent.action.VIEW" />
114-->[com.google.firebase:firebase-auth:22.0.0] AndroidManifest.xml:36:17-69
114-->[com.google.firebase:firebase-auth:22.0.0] AndroidManifest.xml:36:25-66
115
116                <category android:name="android.intent.category.DEFAULT" />
116-->[com.google.firebase:firebase-auth:22.0.0] AndroidManifest.xml:38:17-76
116-->[com.google.firebase:firebase-auth:22.0.0] AndroidManifest.xml:38:27-73
117                <category android:name="android.intent.category.BROWSABLE" />
117-->[com.google.firebase:firebase-auth:22.0.0] AndroidManifest.xml:39:17-78
117-->[com.google.firebase:firebase-auth:22.0.0] AndroidManifest.xml:39:27-75
118
119                <data
119-->[com.google.firebase:firebase-auth:22.0.0] AndroidManifest.xml:41:17-44:51
120                    android:host="firebase.auth"
120-->[com.google.firebase:firebase-auth:22.0.0] AndroidManifest.xml:42:21-49
121                    android:path="/"
121-->[com.google.firebase:firebase-auth:22.0.0] AndroidManifest.xml:43:21-37
122                    android:scheme="genericidp" />
122-->[com.google.firebase:firebase-auth:22.0.0] AndroidManifest.xml:44:21-48
123            </intent-filter>
124        </activity>
125        <activity
125-->[com.google.firebase:firebase-auth:22.0.0] AndroidManifest.xml:47:9-64:20
126            android:name="com.google.firebase.auth.internal.RecaptchaActivity"
126-->[com.google.firebase:firebase-auth:22.0.0] AndroidManifest.xml:48:13-79
127            android:excludeFromRecents="true"
127-->[com.google.firebase:firebase-auth:22.0.0] AndroidManifest.xml:49:13-46
128            android:exported="true"
128-->[com.google.firebase:firebase-auth:22.0.0] AndroidManifest.xml:50:13-36
129            android:launchMode="singleTask"
129-->[com.google.firebase:firebase-auth:22.0.0] AndroidManifest.xml:51:13-44
130            android:theme="@android:style/Theme.Translucent.NoTitleBar" >
130-->[com.google.firebase:firebase-auth:22.0.0] AndroidManifest.xml:52:13-72
131            <intent-filter>
131-->[com.google.firebase:firebase-auth:22.0.0] AndroidManifest.xml:53:13-63:29
132                <action android:name="android.intent.action.VIEW" />
132-->[com.google.firebase:firebase-auth:22.0.0] AndroidManifest.xml:36:17-69
132-->[com.google.firebase:firebase-auth:22.0.0] AndroidManifest.xml:36:25-66
133
134                <category android:name="android.intent.category.DEFAULT" />
134-->[com.google.firebase:firebase-auth:22.0.0] AndroidManifest.xml:38:17-76
134-->[com.google.firebase:firebase-auth:22.0.0] AndroidManifest.xml:38:27-73
135                <category android:name="android.intent.category.BROWSABLE" />
135-->[com.google.firebase:firebase-auth:22.0.0] AndroidManifest.xml:39:17-78
135-->[com.google.firebase:firebase-auth:22.0.0] AndroidManifest.xml:39:27-75
136
137                <data
137-->[com.google.firebase:firebase-auth:22.0.0] AndroidManifest.xml:41:17-44:51
138                    android:host="firebase.auth"
138-->[com.google.firebase:firebase-auth:22.0.0] AndroidManifest.xml:42:21-49
139                    android:path="/"
139-->[com.google.firebase:firebase-auth:22.0.0] AndroidManifest.xml:43:21-37
140                    android:scheme="recaptcha" />
140-->[com.google.firebase:firebase-auth:22.0.0] AndroidManifest.xml:44:21-48
141            </intent-filter>
142        </activity>
143
144        <receiver
144-->[com.google.firebase:firebase-messaging:23.1.2] AndroidManifest.xml:31:9-38:20
145            android:name="com.google.firebase.iid.FirebaseInstanceIdReceiver"
145-->[com.google.firebase:firebase-messaging:23.1.2] AndroidManifest.xml:32:13-78
146            android:exported="true"
146-->[com.google.firebase:firebase-messaging:23.1.2] AndroidManifest.xml:33:13-36
147            android:permission="com.google.android.c2dm.permission.SEND" >
147-->[com.google.firebase:firebase-messaging:23.1.2] AndroidManifest.xml:34:13-73
148            <intent-filter>
148-->[com.google.firebase:firebase-messaging:23.1.2] AndroidManifest.xml:35:13-37:29
149                <action android:name="com.google.android.c2dm.intent.RECEIVE" />
149-->[com.google.firebase:firebase-messaging:23.1.2] AndroidManifest.xml:36:17-81
149-->[com.google.firebase:firebase-messaging:23.1.2] AndroidManifest.xml:36:25-78
150            </intent-filter>
151        </receiver>
152        <!--
153             FirebaseMessagingService performs security checks at runtime,
154             but set to not exported to explicitly avoid allowing another app to call it.
155        -->
156        <service
156-->[com.google.firebase:firebase-messaging:23.1.2] AndroidManifest.xml:44:9-51:19
157            android:name="com.google.firebase.messaging.FirebaseMessagingService"
157-->[com.google.firebase:firebase-messaging:23.1.2] AndroidManifest.xml:45:13-82
158            android:directBootAware="true"
158-->[com.google.firebase:firebase-messaging:23.1.2] AndroidManifest.xml:46:13-43
159            android:exported="false" >
159-->[com.google.firebase:firebase-messaging:23.1.2] AndroidManifest.xml:47:13-37
160            <intent-filter android:priority="-500" >
160-->[com.google.firebase:firebase-messaging:23.1.2] AndroidManifest.xml:48:13-50:29
160-->[com.google.firebase:firebase-messaging:23.1.2] AndroidManifest.xml:48:28-51
161                <action android:name="com.google.firebase.MESSAGING_EVENT" />
161-->[com.google.firebase:firebase-messaging:23.1.2] AndroidManifest.xml:49:17-78
161-->[com.google.firebase:firebase-messaging:23.1.2] AndroidManifest.xml:49:25-75
162            </intent-filter>
163        </service>
164
165        <provider
165-->[com.google.firebase:firebase-common:20.3.2] AndroidManifest.xml:25:9-30:39
166            android:name="com.google.firebase.provider.FirebaseInitProvider"
166-->[com.google.firebase:firebase-common:20.3.2] AndroidManifest.xml:26:13-77
167            android:authorities="com.example.audiobookplayer.firebaseinitprovider"
167-->[com.google.firebase:firebase-common:20.3.2] AndroidManifest.xml:27:13-72
168            android:directBootAware="true"
168-->[com.google.firebase:firebase-common:20.3.2] AndroidManifest.xml:28:13-43
169            android:exported="false"
169-->[com.google.firebase:firebase-common:20.3.2] AndroidManifest.xml:29:13-37
170            android:initOrder="100" />
170-->[com.google.firebase:firebase-common:20.3.2] AndroidManifest.xml:30:13-36
171
172        <activity
172-->[com.google.android.gms:play-services-base:18.0.1] AndroidManifest.xml:20:9-22:45
173            android:name="com.google.android.gms.common.api.GoogleApiActivity"
173-->[com.google.android.gms:play-services-base:18.0.1] AndroidManifest.xml:20:19-85
174            android:exported="false"
174-->[com.google.android.gms:play-services-base:18.0.1] AndroidManifest.xml:22:19-43
175            android:theme="@android:style/Theme.Translucent.NoTitleBar" />
175-->[com.google.android.gms:play-services-base:18.0.1] AndroidManifest.xml:21:19-78
176
177        <meta-data
177-->[com.google.android.gms:play-services-basement:18.1.0] AndroidManifest.xml:21:9-23:69
178            android:name="com.google.android.gms.version"
178-->[com.google.android.gms:play-services-basement:18.1.0] AndroidManifest.xml:22:13-58
179            android:value="@integer/google_play_services_version" />
179-->[com.google.android.gms:play-services-basement:18.1.0] AndroidManifest.xml:23:13-66
180
181        <provider
181-->[androidx.emoji2:emoji2:1.2.0] AndroidManifest.xml:24:9-32:20
182            android:name="androidx.startup.InitializationProvider"
182-->[androidx.emoji2:emoji2:1.2.0] AndroidManifest.xml:25:13-67
183            android:authorities="com.example.audiobookplayer.androidx-startup"
183-->[androidx.emoji2:emoji2:1.2.0] AndroidManifest.xml:26:13-68
184            android:exported="false" >
184-->[androidx.emoji2:emoji2:1.2.0] AndroidManifest.xml:27:13-37
185            <meta-data
185-->[androidx.emoji2:emoji2:1.2.0] AndroidManifest.xml:29:13-31:52
186                android:name="androidx.emoji2.text.EmojiCompatInitializer"
186-->[androidx.emoji2:emoji2:1.2.0] AndroidManifest.xml:30:17-75
187                android:value="androidx.startup" />
187-->[androidx.emoji2:emoji2:1.2.0] AndroidManifest.xml:31:17-49
188            <meta-data
188-->[androidx.lifecycle:lifecycle-process:2.4.1] AndroidManifest.xml:31:13-33:52
189                android:name="androidx.lifecycle.ProcessLifecycleInitializer"
189-->[androidx.lifecycle:lifecycle-process:2.4.1] AndroidManifest.xml:32:17-78
190                android:value="androidx.startup" />
190-->[androidx.lifecycle:lifecycle-process:2.4.1] AndroidManifest.xml:33:17-49
191        </provider>
192
193        <service
193-->[com.google.android.datatransport:transport-backend-cct:3.1.8] AndroidManifest.xml:28:9-34:19
194            android:name="com.google.android.datatransport.runtime.backends.TransportBackendDiscovery"
194-->[com.google.android.datatransport:transport-backend-cct:3.1.8] AndroidManifest.xml:29:13-103
195            android:exported="false" >
195-->[com.google.android.datatransport:transport-backend-cct:3.1.8] AndroidManifest.xml:30:13-37
196            <meta-data
196-->[com.google.android.datatransport:transport-backend-cct:3.1.8] AndroidManifest.xml:31:13-33:39
197                android:name="backend:com.google.android.datatransport.cct.CctBackendFactory"
197-->[com.google.android.datatransport:transport-backend-cct:3.1.8] AndroidManifest.xml:32:17-94
198                android:value="cct" />
198-->[com.google.android.datatransport:transport-backend-cct:3.1.8] AndroidManifest.xml:33:17-36
199        </service>
200        <service
200-->[com.google.android.datatransport:transport-runtime:3.1.8] AndroidManifest.xml:26:9-30:19
201            android:name="com.google.android.datatransport.runtime.scheduling.jobscheduling.JobInfoSchedulerService"
201-->[com.google.android.datatransport:transport-runtime:3.1.8] AndroidManifest.xml:27:13-117
202            android:exported="false"
202-->[com.google.android.datatransport:transport-runtime:3.1.8] AndroidManifest.xml:28:13-37
203            android:permission="android.permission.BIND_JOB_SERVICE" >
203-->[com.google.android.datatransport:transport-runtime:3.1.8] AndroidManifest.xml:29:13-69
204        </service>
205
206        <receiver
206-->[com.google.android.datatransport:transport-runtime:3.1.8] AndroidManifest.xml:32:9-34:40
207            android:name="com.google.android.datatransport.runtime.scheduling.jobscheduling.AlarmManagerSchedulerBroadcastReceiver"
207-->[com.google.android.datatransport:transport-runtime:3.1.8] AndroidManifest.xml:33:13-132
208            android:exported="false" />
208-->[com.google.android.datatransport:transport-runtime:3.1.8] AndroidManifest.xml:34:13-37
209
210        <meta-data
210-->[com.android.billingclient:billing:5.0.0] AndroidManifest.xml:13:9-15:37
211            android:name="com.google.android.play.billingclient.version"
211-->[com.android.billingclient:billing:5.0.0] AndroidManifest.xml:14:13-73
212            android:value="5.0.0" />
212-->[com.android.billingclient:billing:5.0.0] AndroidManifest.xml:15:13-34
213
214        <activity
214-->[com.android.billingclient:billing:5.0.0] AndroidManifest.xml:17:9-21:75
215            android:name="com.android.billingclient.api.ProxyBillingActivity"
215-->[com.android.billingclient:billing:5.0.0] AndroidManifest.xml:18:13-78
216            android:configChanges="keyboard|keyboardHidden|screenLayout|screenSize|orientation"
216-->[com.android.billingclient:billing:5.0.0] AndroidManifest.xml:19:13-96
217            android:exported="false"
217-->[com.android.billingclient:billing:5.0.0] AndroidManifest.xml:20:13-37
218            android:theme="@android:style/Theme.Translucent.NoTitleBar" />
218-->[com.android.billingclient:billing:5.0.0] AndroidManifest.xml:21:13-72
219    </application>
220
221</manifest>